<?xml version="1.0" encoding="UTF-8"?>
<testng-results ignored="8" total="8" passed="0" failed="0" skipped="0">
  <reporter-output>
  </reporter-output>
  <suite started-at="2022-07-20T01:15:06Z" name="MindtekTestNG" finished-at="2022-07-20T01:15:06Z" duration-ms="2">
    <groups>
    </groups>
    <test started-at="2022-07-20T01:15:06Z" name="UI Automation" finished-at="2022-07-20T01:15:06Z" duration-ms="2">
    </test> <!-- UI Automation -->
  </suite> <!-- MindtekTestNG -->
</testng-results>
