<?xml version="1.0" encoding="UTF-8"?>
<!-- Generated by org.testng.reporters.JUnitXMLReporter -->
<testsuite ignored="8" hostname="Zhanars-MacBook-Pro.local" failures="0" tests="0" time="0.002" errors="0" timestamp="20 Jul 2022 01:15:06 GMT">
  <testcase classname="tests.BlazeDemo" name="destinationOfTheWeek" time="0.0">
    <ignored/>
  </testcase> <!-- destinationOfTheWeek -->
  <testcase classname="tests.SmartBearTests" name="loginPositive" time="0.0">
    <ignored/>
  </testcase> <!-- loginPositive -->
  <testcase classname="tests.BlazeDemo" name="verifyFlightDestinations" time="0.0">
    <ignored/>
  </testcase> <!-- verifyFlightDestinations -->
  <testcase classname="tests.SauceDemoApp" name="verifyLoginPositive" time="0.0">
    <ignored/>
  </testcase> <!-- verifyLoginPositive -->
  <testcase classname="tests.SauceDemoApp" name="verifyPriceHighToLow" time="0.0">
    <ignored/>
  </testcase> <!-- verifyPriceHighToLow -->
  <testcase classname="tests.SmartBearTests" name="loginEmptyCredentials" time="0.0">
    <ignored/>
  </testcase> <!-- loginEmptyCredentials -->
  <testcase classname="tests.SmartBearTests" name="loginNegative" time="0.0">
    <ignored/>
  </testcase> <!-- loginNegative -->
  <testcase classname="tests.SmartBearTests" name="totalAmountPositive" time="0.0">
    <ignored/>
  </testcase> <!-- totalAmountPositive -->
</testsuite>
